<?xml version="1.0" encoding="UTF-8"?>
<!-- Generated by org.testng.reporters.JUnitXMLReporter -->
<testsuite ignored="0" hostname="Deshmukh" failures="1" tests="3" name="Test" time="33.146" errors="0" timestamp="24 May 2019 10:31:06 GMT">
  <testcase classname="com.pageobject.practicePOM.RediffLoginTest" name="a_openrediff" time="13.549">
    <failure type="java.lang.AssertionError" message="Incorrect Title, visible title is: Rediff.com: News | Rediffmail | Stock Quotes | Shopping expected [true] but found [false]">
      <![CDATA[java.lang.AssertionError: Incorrect Title, visible title is: Rediff.com: News | Rediffmail | Stock Quotes | Shopping expected [true] but found [false]
at com.pageobject.practicePOM.RediffLoginTest.a_openrediff(RediffLoginTest.java:24)
... Removed 28 stack frames]]>
    </failure>
  </testcase> <!-- a_openrediff -->
  <testcase classname="com.pageobject.practicePOM.RediffLoginTest" name="b_signinlink" time="2.184"/>
  <testcase classname="com.pageobject.practicePOM.RediffLoginTest" name="c_login" time="0.865"/>
</testsuite> <!-- Test -->
