<?xml version="1.0" encoding="UTF-8"?>
<testng-results ignored="0" total="1" passed="1" failed="0" skipped="0">
  <reporter-output>
  </reporter-output>
  <suite started-at="2019-05-25T20:09:44Z" name="Suite" finished-at="2019-05-25T20:10:04Z" duration-ms="20154">
    <groups>
    </groups>
    <test started-at="2019-05-25T20:09:44Z" name="Test" finished-at="2019-05-25T20:10:04Z" duration-ms="20154">
      <class name="com.rdframework.selenium.LoginPageTest">
        <test-method signature="login()[pri:0, instance:com.rdframework.selenium.LoginPageTest@23348b5d]" started-at="2019-05-25T20:09:44Z" name="login" finished-at="2019-05-25T20:10:04Z" duration-ms="20071" status="PASS">
          <reporter-output>
          </reporter-output>
        </test-method> <!-- login -->
      </class> <!-- com.rdframework.selenium.LoginPageTest -->
    </test> <!-- Test -->
  </suite> <!-- Suite -->
</testng-results>
